[2023-07-08 21:26:45.237] This is not a chat group
[2023-07-08 21:26:48.836] Checked all records in table: Group Data
[2023-07-08 21:26:48.836] Checked all records in table: Group Data
[2023-07-08 21:26:55.702] Checked all records in table: Users Data
[2023-07-08 21:26:55.703] Checked all records in table: Users Data
[2023-07-08 21:26:56.785] Updated record: 280713127 in table: Users Data
[2023-07-08 21:26:56.785] Update record: 280713127 in table: Users Data
[2023-07-08 21:26:56.785] Checked all records in table: Users Data
[2023-07-08 21:27:05.895] Updated record: 806954250 in table: Users Data
[2023-07-08 21:27:05.895] Update record: 806954250 in table: Users Data
[2023-07-08 21:27:05.895] Checked all records in table: Users Data
[2023-07-08 21:27:20.070] Updated record: 1555577176 in table: Users Data
[2023-07-08 21:27:20.071] Update record: 1555577176 in table: Users Data
[2023-07-08 21:27:20.071] Checked all records in table: Users Data
[2023-07-08 21:27:21.176] Updated record: 841837857 in table: Users Data
[2023-07-08 21:27:21.177] Update record: 841837857 in table: Users Data
[2023-07-08 21:27:21.177] Checked all records in table: Users Data
[2023-07-08 21:27:22.260] Updated record: 1285764044 in table: Users Data
[2023-07-08 21:27:22.260] Update record: 1285764044 in table: Users Data
[2023-07-08 21:27:22.260] Checked all records in table: Users Data
[2023-07-08 21:27:22.260] Checked all records in table: Users Data
