[2023-07-09 22:16:32.403] Checked all records in table: Users Data
[2023-07-09 22:16:32.403] Checked all records in table: Users Data
[2023-07-09 22:16:33.475] Updated record: 280713127 in table: Users Data
[2023-07-09 22:16:33.475] Update record: 280713127 in table: Users Data
[2023-07-09 22:16:33.475] Checked all records in table: Users Data
[2023-07-09 22:16:34.604] Updated record: 806954250 in table: Users Data
[2023-07-09 22:16:34.604] Update record: 806954250 in table: Users Data
[2023-07-09 22:16:34.604] Checked all records in table: Users Data
[2023-07-09 22:16:35.671] Updated record: 1555577176 in table: Users Data
[2023-07-09 22:16:35.671] Update record: 1555577176 in table: Users Data
[2023-07-09 22:16:35.671] Checked all records in table: Users Data
[2023-07-09 22:16:36.677] Updated record: 841837857 in table: Users Data
[2023-07-09 22:16:36.678] Update record: 841837857 in table: Users Data
[2023-07-09 22:16:36.678] Checked all records in table: Users Data
[2023-07-09 22:16:37.733] Updated record: 1285764044 in table: Users Data
[2023-07-09 22:16:37.733] Update record: 1285764044 in table: Users Data
[2023-07-09 22:16:37.733] Checked all records in table: Users Data
[2023-07-09 22:16:37.733] Checked all records in table: Users Data
[2023-07-23 20:37:56.684] 777000 is not a chat group
[2023-07-23 20:37:57.709] 178220800 is not a chat group
[2023-07-23 20:37:58.894] Failed to get member: Unauthorized
[2023-07-23 20:38:21.182] 777000 is not a chat group
[2023-07-23 20:38:23.308] 178220800 is not a chat group
[2023-07-23 20:38:24.318] 5416976809 is not a chat group
[2023-07-23 20:38:25.332] 6254283420 is not a chat group
[2023-07-23 20:38:30.149] Checked all records in table: Group Data
[2023-07-23 20:38:30.150] Checked all records in table: Group Data
[2023-07-23 20:38:35.460] Created record: 2110518660 in table: Users Data
[2023-07-23 20:38:35.460] Add record: 2110518660 in table: Users Data
[2023-07-23 20:38:35.460] Checked all records in table: Users Data
[2023-07-23 20:38:36.623] Created record: 2134816269 in table: Users Data
[2023-07-23 20:38:36.623] Add record: 2134816269 in table: Users Data
[2023-07-23 20:38:36.623] Checked all records in table: Users Data
[2023-07-23 20:38:37.779] Created record: 280713127 in table: Users Data
[2023-07-23 20:38:37.779] Add record: 280713127 in table: Users Data
[2023-07-23 20:38:37.779] Checked all records in table: Users Data
[2023-07-23 20:38:39.017] Created record: 806954250 in table: Users Data
[2023-07-23 20:38:39.018] Add record: 806954250 in table: Users Data
[2023-07-23 20:38:39.018] Checked all records in table: Users Data
[2023-07-23 20:38:40.207] Created record: 1555577176 in table: Users Data
[2023-07-23 20:38:40.207] Add record: 1555577176 in table: Users Data
[2023-07-23 20:38:40.207] Checked all records in table: Users Data
[2023-07-23 20:38:41.317] Created record: 841837857 in table: Users Data
[2023-07-23 20:38:41.318] Add record: 841837857 in table: Users Data
[2023-07-23 20:38:41.318] Checked all records in table: Users Data
[2023-07-23 20:38:42.438] Created record: 1285764044 in table: Users Data
[2023-07-23 20:38:42.438] Add record: 1285764044 in table: Users Data
[2023-07-23 20:38:42.439] Checked all records in table: Users Data
[2023-07-23 20:38:43.670] Created record: 1817109845 in table: Users Data
[2023-07-23 20:38:43.670] Add record: 1817109845 in table: Users Data
[2023-07-23 20:38:43.671] Checked all records in table: Users Data
[2023-07-23 20:39:09.921] 777000 is not a chat group
[2023-07-23 20:39:12.069] 178220800 is not a chat group
[2023-07-23 20:39:13.077] 5416976809 is not a chat group
[2023-07-23 20:39:14.083] 6254283420 is not a chat group
[2023-07-23 20:39:18.536] Checked all records in table: Group Data
[2023-07-23 20:39:18.536] Checked all records in table: Group Data
[2023-07-23 20:39:22.595] Checked all records in table: Users Data
[2023-07-23 20:39:22.595] Checked all records in table: Users Data
[2023-07-23 20:39:23.722] Updated record: 280713127 in table: Users Data
[2023-07-23 20:39:23.723] Update record: 280713127 in table: Users Data
[2023-07-23 20:39:23.723] Checked all records in table: Users Data
[2023-07-23 20:39:24.850] Updated record: 806954250 in table: Users Data
[2023-07-23 20:39:24.851] Update record: 806954250 in table: Users Data
[2023-07-23 20:39:24.851] Checked all records in table: Users Data
[2023-07-23 20:39:25.958] Created record: 1555577176 in table: Users Data
[2023-07-23 20:39:25.959] Add record: 1555577176 in table: Users Data
[2023-07-23 20:39:25.959] Checked all records in table: Users Data
[2023-07-23 20:39:27.144] Created record: 841837857 in table: Users Data
[2023-07-23 20:39:27.145] Add record: 841837857 in table: Users Data
[2023-07-23 20:39:27.145] Checked all records in table: Users Data
[2023-07-23 20:39:28.284] Created record: 1285764044 in table: Users Data
[2023-07-23 20:39:28.284] Add record: 1285764044 in table: Users Data
[2023-07-23 20:39:28.285] Checked all records in table: Users Data
[2023-07-23 20:39:29.503] Created record: 1817109845 in table: Users Data
[2023-07-23 20:39:29.504] Add record: 1817109845 in table: Users Data
[2023-07-23 20:39:29.504] Checked all records in table: Users Data
[2023-07-23 20:43:22.440] 777000 is not a chat group
[2023-07-23 20:43:24.568] 178220800 is not a chat group
[2023-07-23 20:43:25.576] 5416976809 is not a chat group
[2023-07-23 20:43:26.586] 6254283420 is not a chat group
[2023-07-23 20:43:31.253] Checked all records in table: Group Data
[2023-07-23 20:43:31.254] Checked all records in table: Group Data
[2023-07-23 20:43:36.560] Created record: 2110518660 in table: Users Data
[2023-07-23 20:43:36.560] Add record: 2110518660 in table: Users Data
[2023-07-23 20:43:36.560] Checked all records in table: Users Data
[2023-07-23 20:43:37.674] Created record: 2134816269 in table: Users Data
[2023-07-23 20:43:37.675] Add record: 2134816269 in table: Users Data
[2023-07-23 20:43:37.675] Checked all records in table: Users Data
[2023-07-23 20:43:38.852] Created record: 280713127 in table: Users Data
[2023-07-23 20:43:38.852] Add record: 280713127 in table: Users Data
[2023-07-23 20:43:38.853] Checked all records in table: Users Data
[2023-07-23 20:43:40.043] Created record: 806954250 in table: Users Data
[2023-07-23 20:43:40.043] Add record: 806954250 in table: Users Data
[2023-07-23 20:43:40.044] Checked all records in table: Users Data
[2023-07-23 20:43:41.187] Created record: 1555577176 in table: Users Data
[2023-07-23 20:43:41.187] Add record: 1555577176 in table: Users Data
[2023-07-23 20:43:41.187] Checked all records in table: Users Data
[2023-07-23 20:43:42.253] Created record: 841837857 in table: Users Data
[2023-07-23 20:43:42.253] Add record: 841837857 in table: Users Data
[2023-07-23 20:43:42.253] Checked all records in table: Users Data
[2023-07-23 20:43:43.347] Created record: 1285764044 in table: Users Data
[2023-07-23 20:43:43.348] Add record: 1285764044 in table: Users Data
[2023-07-23 20:43:43.348] Checked all records in table: Users Data
[2023-07-23 20:43:44.464] Created record: 1817109845 in table: Users Data
[2023-07-23 20:43:44.465] Add record: 1817109845 in table: Users Data
[2023-07-23 20:43:44.465] Checked all records in table: Users Data
[2023-07-23 20:44:52.876] 777000 is not a chat group
[2023-07-23 20:44:55.035] 178220800 is not a chat group
[2023-07-23 20:44:56.039] 5416976809 is not a chat group
[2023-07-23 20:44:57.055] 6254283420 is not a chat group
[2023-07-23 20:45:01.744] Checked all records in table: Group Data
[2023-07-23 20:45:01.744] Checked all records in table: Group Data
[2023-07-23 20:45:05.890] Checked all records in table: Users Data
[2023-07-23 20:45:05.890] Checked all records in table: Users Data
[2023-07-23 20:45:07.013] Updated record: 280713127 in table: Users Data
[2023-07-23 20:45:07.013] Update record: 280713127 in table: Users Data
[2023-07-23 20:45:07.014] Checked all records in table: Users Data
[2023-07-23 20:45:08.060] Updated record: 806954250 in table: Users Data
[2023-07-23 20:45:08.060] Update record: 806954250 in table: Users Data
[2023-07-23 20:45:08.060] Checked all records in table: Users Data
[2023-07-23 20:45:09.190] Created record: 1555577176 in table: Users Data
[2023-07-23 20:45:09.190] Add record: 1555577176 in table: Users Data
[2023-07-23 20:45:09.190] Checked all records in table: Users Data
[2023-07-23 20:45:10.310] Created record: 841837857 in table: Users Data
[2023-07-23 20:45:10.311] Add record: 841837857 in table: Users Data
[2023-07-23 20:45:10.311] Checked all records in table: Users Data
[2023-07-23 20:45:11.485] Created record: 1285764044 in table: Users Data
[2023-07-23 20:45:11.486] Add record: 1285764044 in table: Users Data
[2023-07-23 20:45:11.486] Checked all records in table: Users Data
[2023-07-23 20:45:12.604] Created record: 1817109845 in table: Users Data
[2023-07-23 20:45:12.604] Add record: 1817109845 in table: Users Data
[2023-07-23 20:45:12.604] Checked all records in table: Users Data
[2023-07-23 20:46:08.475] 777000 is not a chat group
[2023-07-23 20:46:10.659] 178220800 is not a chat group
[2023-07-23 20:46:11.668] 5416976809 is not a chat group
[2023-07-23 20:46:12.683] 6254283420 is not a chat group
[2023-07-23 20:46:17.137] Checked all records in table: Group Data
[2023-07-23 20:46:17.137] Checked all records in table: Group Data
[2023-07-23 20:46:22.338] Created record: 2110518660 in table: Users Data
[2023-07-23 20:46:22.339] Add record: 2110518660 in table: Users Data
[2023-07-23 20:46:22.339] Checked all records in table: Users Data
[2023-07-23 20:46:23.475] Created record: 2134816269 in table: Users Data
[2023-07-23 20:46:23.476] Add record: 2134816269 in table: Users Data
[2023-07-23 20:46:23.476] Checked all records in table: Users Data
[2023-07-23 20:46:24.601] Created record: 280713127 in table: Users Data
[2023-07-23 20:46:24.602] Add record: 280713127 in table: Users Data
[2023-07-23 20:46:24.602] Checked all records in table: Users Data
[2023-07-23 20:46:25.776] Created record: 806954250 in table: Users Data
[2023-07-23 20:46:25.776] Add record: 806954250 in table: Users Data
[2023-07-23 20:46:25.776] Checked all records in table: Users Data
[2023-07-23 20:46:26.909] Created record: 1555577176 in table: Users Data
[2023-07-23 20:46:26.909] Add record: 1555577176 in table: Users Data
[2023-07-23 20:46:26.910] Checked all records in table: Users Data
[2023-07-23 20:46:28.064] Created record: 841837857 in table: Users Data
[2023-07-23 20:46:28.064] Add record: 841837857 in table: Users Data
[2023-07-23 20:46:28.064] Checked all records in table: Users Data
[2023-07-23 20:46:29.220] Created record: 1285764044 in table: Users Data
[2023-07-23 20:46:29.220] Add record: 1285764044 in table: Users Data
[2023-07-23 20:46:29.220] Checked all records in table: Users Data
[2023-07-23 20:46:30.428] Created record: 1817109845 in table: Users Data
[2023-07-23 20:46:30.428] Add record: 1817109845 in table: Users Data
[2023-07-23 20:46:30.428] Checked all records in table: Users Data
[2023-07-23 20:46:38.370] 777000 is not a chat group
[2023-07-23 20:46:40.509] 178220800 is not a chat group
[2023-07-23 20:46:41.518] 5416976809 is not a chat group
[2023-07-23 20:46:42.522] 6254283420 is not a chat group
[2023-07-23 20:46:46.945] Checked all records in table: Group Data
[2023-07-23 20:46:46.946] Checked all records in table: Group Data
[2023-07-23 20:46:51.037] Checked all records in table: Users Data
[2023-07-23 20:46:51.038] Checked all records in table: Users Data
[2023-07-23 20:46:52.044] Updated record: 280713127 in table: Users Data
[2023-07-23 20:46:52.044] Update record: 280713127 in table: Users Data
[2023-07-23 20:46:52.045] Checked all records in table: Users Data
[2023-07-23 20:46:53.108] Updated record: 806954250 in table: Users Data
[2023-07-23 20:46:53.109] Update record: 806954250 in table: Users Data
[2023-07-23 20:46:53.109] Checked all records in table: Users Data
[2023-07-23 20:46:54.244] Created record: 1555577176 in table: Users Data
[2023-07-23 20:46:54.244] Add record: 1555577176 in table: Users Data
[2023-07-23 20:46:54.245] Checked all records in table: Users Data
[2023-07-23 20:46:55.338] Updated record: 841837857 in table: Users Data
[2023-07-23 20:46:55.339] Update record: 841837857 in table: Users Data
[2023-07-23 20:46:55.339] Checked all records in table: Users Data
[2023-07-23 20:46:56.412] Updated record: 1285764044 in table: Users Data
[2023-07-23 20:46:56.413] Update record: 1285764044 in table: Users Data
[2023-07-23 20:46:56.413] Checked all records in table: Users Data
[2023-07-23 20:46:56.413] Checked all records in table: Users Data
